
pause 12 ms

Urb 1 (C) ep= (read) 6 ms
 00000000: 80 06 00 01 00 00 12 00
 00000000: 12 01 00 02 ff 00 00 08 93 0a 02 00 17 01 01 02
 00000010: 03 01

pause 0 ms

Urb 2 (C) ep= (read) 10 ms
 00000000: 80 06 00 02 00 00 09 02
 00000000: 09 02 20 00 01 01 00 a0 64 09 04 00 00 02 ff 00
 00000010: ff 00 07 05 81 03 08 00 01 07 05 82 03 40 00 01
 00000020: 00 00 00 00 00 00 00 00

pause 0 ms

Urb 3 (C) ep= (write) 3 ms

pause 3 ms

Urb 4 (B) ep=81 (read) 0 ms

pause 0 ms

Urb 5 (B) ep=82 (read) 0 ms

pause 1 ms

Urb 6 (B) ep=81 (read) 189455 ms
 00000000: 01 01 17 01 00 30 05

pause 0 ms

Urb 7 (B) ep=82 (read) 9 ms
 00000000: 01 01 17 01 01 20

pause 0 ms

Urb 8 (B) ep=82 (read) 35 ms
 00000000: 01 01 17 01 00 20 00 00 00 00 00 00 00 00 68 00
 00000010: 50 00 00 00 20 01 f0 ff ff ff ff ff ff ff ff ff
 00000020: ff ff ff ff ff ff ff ff ff ff ff ff ff ff ff ff
 00000030: ff ff ff ff ff ff ff ff ff ff ff ff ff ff ff ff
 00000040: ff ff ff ff ff ff ff ff ff ff ff ff ff ff ff ff
 00000050: ff ff ff ff ff ff ff ff ff ff ff ff ff ff ff ff
 00000060: ff ff ff ff ff ff ff ff ff ff ff ff ff ff ff ff
 00000070: ff ff ff ff ff ff ff ff ff ff ff ff ff ff ff ff
 00000080: ff ff ff ff ff ff ff ff ff ff ff ff ff ff ff ff
 00000090: ff ff ff ff ff ff ff ff ff ff ff ff ff ff ff ef
 000000a0: 16 ef ff f6 ff ff ff ff ff ff ff ff ff ff ff ff
 000000b0: ff ff ff ff ff ff ff ff ff ff ff ff 8f 42 11 32
 000000c0: 11 12 5f ff 11 13 f2 ff ff ff ff ff ff ff ff ff
 000000d0: ff ff ff ff ff ff ff ff ff ff ff ff ff ff ff ff
 000000e0: ff ff ff ff ff ff ff ff ff ff ff ff ff ff ff ff
 000000f0: ff ff ff ff ff ff ff ff ff ff ff ff ff ff ff ff
 00000100: ff ff ff ff ff 8d ff ff ff ff ff ff ff ff ff ff
 00000110: ff ff ff ff ff ff ff ff ff ff ff ff ff ff ff ff
 00000120: ff ff ff ff ff cf f1 ff ff ff ff ff ff ff ff ff
 00000130: ff ff ff ff ff 11

pause 0 ms

Urb 9 (B) ep=82 (read) 444 ms
 00000000: 01 01 17 01 00 20 17 00 00 00 00 00 00 00 68 00
 00000010: 50 00 00 00 28 01 f0 ff ff ff ff ff ff ff ff ff
 00000020: ff ff ff ff ff ff ff ff ff ff ff ff ff ff ff ff
 00000030: ff ff ff ff ff ff ff ff ff ff ff ff ff ff ff ff
 00000040: ff ff ff ff ff ff ff ff ff ff ff ff ff ff ff ff
 00000050: ff ff ff ff ff ff ff ff ff ff ff ff ff ff ff ff
 00000060: ff ff ff ff ff ff ff ff ff ff ff ff ff ff ff ff
 00000070: ff ff ff ff ff ff ff ff ff ff ff ff ff ff ff ff
 00000080: ff ff ff ff ff ff ff ff ff ff ff ff ff ff ff ff
 00000090: ff ff ff ff ff ff ff ff ff ff ff ff ef 51 32 fb
 000000a0: ff 42 f2 ff b6 ff ff ff ff ff ff ff ff ff ff ff
 000000b0: ff ff ff ff ff ff ff ff ff ff ff ff 14 2f 11 f2
 000000c0: ff 1c 12 21 71 f2 1f 23 17 14 16 51 f1 ff ff ff
 000000d0: ff ff ff ff ff ff ff ff ff ff ff ff ff ff ff ff
 000000e0: ff ff ff ff ff ff ff ff ff ff ff ff ff ff ff ff
 000000f0: ff ff ff ff ff ff ff ff ff ff ff ff ff ff ff ff
 00000100: ff ff ff ff ff ff ff ff ff ff ff 4f f7 ff ff ff
 00000110: ff ff ff ff ff ff ff ff ff ff ff ff ff ff ff ff
 00000120: ff ff ff ff ff ff ff ff ff ff ff ff 1d ff ff ff
 00000130: ff ff ff ff ff ff ff ff ff ff ff 1f 1d ff

pause 0 ms

Urb 10 (B) ep=82 (read) 18 ms
 00000000: 01 01 17 01 00 20 25 00 00 00 00 00 00 00 68 00
 00000010: 50 00 00 00 24 01 f0 ff ff ff ff ff ff ff ff ff
 00000020: ff ff ff ff ff ff ff ff ff ff ff ff ff ff ff ff
 00000030: ff ff ff ff ff ff ff ff ff ff ff ff ff ff ff ff
 00000040: ff ff ff ff ff ff ff ff ff ff ff ff ff ff ff ff
 00000050: ff ff ff ff ff ff ff ff ff ff ff ff ff ff ff ff
 00000060: ff ff ff ff ff ff ff ff ff ff ff ff ff ff ff ff
 00000070: ff ff ff ff ff ff ff ff ff ff ff ff ff ff ff ff
 00000080: ff ff ff ff ff ff ff ff ff ff ff ff ff ff ff ff
 00000090: ff ff ff ff ff ff ff ff ff ff ff ff ff f2 f4 9f
 000000a0: 21 12 ff ef f8 ff ff ff ff ff ff ff ff ff ff ff
 000000b0: ff ff ff ff ff ff ff ff ff ff ff ff 31 74 ff 1a
 000000c0: 14 19 c2 f1 3f 32 75 11 f2 ff ff ff ff ff ff ff
 000000d0: ff ff ff ff ff ff ff ff ff ff ff ff ff ff ff ff
 000000e0: ff ff ff ff ff ff ff ff ff ff ff ff ff ff ff ff
 000000f0: ff ff ff ff ff ff ff ff ff ff ff ff ff ff ff ff
 00000100: ff ff ff ff ff ff ff ff 70 ff ff ff ff ff ff ff
 00000110: ff ff ff ff ff ff ff ff ff ff ff ff ff ff ff ff
 00000120: ff ff ff ff ff ff ff ff df f1 ff ff ff ff ff ff
 00000130: ff ff ff ff ff ff ff ff 11 f1

pause 0 ms

Urb 11 (B) ep=82 (read) 91 ms
 00000000: 01 01 17 01 00 20 36 00 00 00 00 00 00 00 68 00
 00000010: 50 00 00 00 28 01 f0 ff ff ff ff ff ff ff ff ff
 00000020: ff ff ff ff ff ff ff ff ff ff ff ff ff ff ff ff
 00000030: ff ff ff ff ff ff ff ff ff ff ff ff ff ff ff ff
 00000040: ff ff ff ff ff ff ff ff ff ff ff ff ff ff ff ff
 00000050: ff ff ff ff ff ff ff ff ff ff ff ff ff ff ff ff
 00000060: ff ff ff ff ff ff ff ff ff ff ff ff ff ff ff ff
 00000070: ff ff ff ff ff ff ff ff ff ff ff ff ff ff ff ff
 00000080: ff ff ff ff ff ff ff ff ff ff ff ff ff ff ff ff
 00000090: ff ff ff ff ff ff ff ff ff 9f 21 fa ff 37 f2 ff
 000000a0: f2 12 f2 ff ff ff ff ff ff ff ff ff ff ff ff ff
 000000b0: ff ff ff ff ff ff ff ff ff ff 21 ff 8f 11 12 12
 000000c0: 24 12 ff 64 11 11 62 11 15 ff ff ff ff ff ff ff
 000000d0: ff ff ff ff ff ff ff ff ff ff ff ff ff ff ff ff
 000000e0: ff ff ff ff ff ff ff ff ff ff ff ff ff ff ff ff
 000000f0: ff ff ff ff ff ff ff ff ff ff ff ff ff ff ff ff
 00000100: ff ff ff ff ff ff ff ff ff ff ff 9f f7 ff ff ff
 00000110: ff ff ff ff ff ff ff ff ff ff ff ff ff ff ff ff
 00000120: ff ff ff ff ff ff ff ff ff ff ff ff 1d ff ff ff
 00000130: ff ff ff ff ff ff ff ff ff ff ff 1f 1d ff

pause 0 ms

Urb 12 (B) ep=82 (read) 9 ms
 00000000: 01 01 17 01 00 20 43 00 00 00 00 00 00 00 68 00
 00000010: 50 00 00 00 24 01 f0 ff ff ff ff ff ff ff ff ff
 00000020: ff ff ff ff ff ff ff ff ff ff ff ff ff ff ff ff
 00000030: ff ff ff ff ff ff ff ff ff ff ff ff ff ff ff ff
 00000040: ff ff ff ff ff ff ff ff ff ff ff ff ff ff ff ff
 00000050: ff ff ff ff ff ff ff ff ff ff ff ff ff ff ff ff
 00000060: ff ff ff ff ff ff ff ff ff ff ff ff ff ff ff ff
 00000070: ff ff ff ff ff ff ff ff ff ff ff ff ff ff ff ff
 00000080: ff ff ff ff ff ff ff ff ff ff ff ff ff ff ff ff
 00000090: ff ff ff ff ff ff ff ff ff 1b 11 11 f2 f4 9f 11
 000000a0: 21 ff ff 10 ff ff ff ff ff ff ff ff ff ff ff ff
 000000b0: ff ff ff ff ff ff ff ff ff ff ff 3f 71 21 11 f6
 000000c0: 3f e1 41 ff 6f f1 ff ff ff ff ff ff ff ff ff ff
 000000d0: ff ff ff ff ff ff ff ff ff ff ff ff ff ff ff ff
 000000e0: ff ff ff ff ff ff ff ff ff ff ff ff ff ff ff ff
 000000f0: ff ff ff ff ff ff ff ff ff ff ff ff ff ff ff ff
 00000100: ff ff ff ff ff ff ff ff ff 74 ff ff ff ff ff ff
 00000110: ff ff ff ff ff ff ff ff ff ff ff ff ff ff ff ff
 00000120: ff ff ff ff ff ff ff ff ff df f1 ff ff ff ff ff
 00000130: ff ff ff ff ff ff ff ff ff 11

pause 0 ms

Urb 13 (B) ep=82 (read) 9 ms
 00000000: 01 01 17 01 00 20 54 00 00 00 00 00 00 00 68 00
 00000010: 50 00 00 00 24 01 f0 ff ff ff ff ff ff ff ff ff
 00000020: ff ff ff ff ff ff ff ff ff ff ff ff ff ff ff ff
 00000030: ff ff ff ff ff ff ff ff ff ff ff ff ff ff ff ff
 00000040: ff ff ff ff ff ff ff ff ff ff ff ff ff ff ff ff
 00000050: ff ff ff ff ff ff ff ff ff ff ff ff ff ff ff ff
 00000060: ff ff ff ff ff ff ff ff ff ff ff ff ff ff ff ff
 00000070: ff ff ff ff ff ff ff ff ff ff ff ff ff ff ff ff
 00000080: ff ff ff ff ff ff ff ff ff ff ff ff ff ff ff ff
 00000090: ff ff ff ff ff ff 5f f1 ff af 12 12 11 df 9f 41
 000000a0: ff ff ff ff ff ff ff ff ff ff ff ff ff ff ff ff
 000000b0: ff ff ff ff ff ff ff ff ff 11 1e 13 24 53 f2 f1
 000000c0: fd 17 ff ff ff ff ff ff ff ff ff ff ff ff ff ff
 000000d0: ff ff ff ff ff ff ff ff ff ff ff ff ff ff ff ff
 000000e0: ff ff ff ff ff ff ff ff ff ff ff ff ff ff ff ff
 000000f0: ff ff ff ff ff ff ff ff ff ff ff ff ff ff ff ff
 00000100: ff ff ff ff ff ff ff 7d ff ff ff ff ff ff ff ff
 00000110: ff ff ff ff ff ff ff ff ff ff ff ff ff ff ff ff
 00000120: ff ff ff ff ff ff ff df f1 ff ff ff ff ff ff ff
 00000130: ff ff ff ff ff ff ff 11 f1 ff

pause 0 ms

Urb 14 (B) ep=82 (read) 9 ms
 00000000: 01 01 17 01 00 20 61 00 00 00 00 00 00 00 68 00
 00000010: 50 00 00 00 24 01 f0 ff ff ff ff ff ff ff ff ff
 00000020: ff ff ff ff ff ff ff ff ff ff ff ff ff ff ff ff
 00000030: ff ff ff ff ff ff ff ff ff ff ff ff ff ff ff ff
 00000040: ff ff ff ff ff ff ff ff ff ff ff ff ff ff ff ff
 00000050: ff ff ff ff ff ff ff ff ff ff ff ff ff ff ff ff
 00000060: ff ff ff ff ff ff ff ff ff ff ff ff ff ff ff ff
 00000070: ff ff ff ff ff ff ff ff ff ff ff ff ff ff ff ff
 00000080: ff ff ff ff ff ff ff ff ff ff ff ff ff ff ff ff
 00000090: ff ff ff ff ff ff 1c 11 71 ff cf 91 ff f7 f6 ff
 000000a0: ff ff ff ff ff ff ff ff ff ff ff ff ff ff ff ff
 000000b0: ff ff ff ff ff ff ff 8f 62 61 31 12 11 23 25 2f
 000000c0: 0f 12 22 df f1 ff ff ff ff ff ff ff ff ff ff ff
 000000d0: ff ff ff ff ff ff ff ff ff ff ff ff ff ff ff ff
 000000e0: ff ff ff ff ff ff ff ff ff ff ff ff ff ff ff ff
 000000f0: ff ff ff ff ff ff ff ff ff ff ff ff ff ff ff ff
 00000100: ff ff ff ff ff ff ff ff ff df f7 ff ff ff ff ff
 00000110: ff ff ff ff ff ff ff ff ff ff ff ff ff ff ff ff
 00000120: ff ff ff ff ff ff ff ff ff ff 1d ff ff ff ff ff
 00000130: ff ff ff ff ff ff ff ff ff 1f

pause 0 ms

Urb 15 (B) ep=82 (read) 18 ms
 00000000: 01 01 17 01 00 20 6f 00 00 00 00 00 00 00 68 00
 00000010: 50 00 00 00 24 01 f0 ff ff ff ff ff ff ff ff ff
 00000020: ff ff ff ff ff ff ff ff ff ff ff ff ff ff ff ff
 00000030: ff ff ff ff ff ff ff ff ff ff ff ff ff ff ff ff
 00000040: ff ff ff ff ff ff ff ff ff ff ff ff ff ff ff ff
 00000050: ff ff ff ff ff ff ff ff ff ff ff ff ff ff ff ff
 00000060: ff ff ff ff ff ff ff ff ff ff ff ff ff ff ff ff
 00000070: ff ff ff ff ff ff ff ff ff ff ff ff ff ff ff ff
 00000080: ff ff ff ff ff ff ff ff ff ff ff ff ff ff ff ff
 00000090: ff ff ff ff ff ff f6 f2 ff 25 f1 ff f6 f0 ff ff
 000000a0: ff ff ff ff ff ff ff ff ff ff ff ff ff ff ff ff
 000000b0: ff ff ff ff ff 10 21 ff 8f 23 11 32 11 1e bf 24
 000000c0: 57 f2 ff ff ff ff ff ff ff ff ff ff ff ff ff ff
 000000d0: ff ff ff ff ff ff ff ff ff ff ff ff ff ff ff ff
 000000e0: ff ff ff ff ff ff ff ff ff ff ff ff ff ff ff ff
 000000f0: ff ff ff ff ff ff ff ff ff ff ff ff ff ff ff ff
 00000100: ff ff ff ff ff ff ff ef f7 ff ff ff ff ff ff ff
 00000110: ff ff ff ff ff ff ff ff ff ff ff ff ff ff ff ff
 00000120: ff ff ff ff ff ff ff ff 1d ff ff ff ff ff ff ff
 00000130: ff ff ff ff ff ff ff 1f 1d ff

pause 0 ms

Urb 16 (B) ep=82 (read) 36 ms
 00000000: 01 01 17 01 00 20 81 00 00 00 00 00 00 00 68 00
 00000010: 50 00 00 00 24 01 f0 ff ff ff ff ff ff ff ff ff
 00000020: ff ff ff ff ff ff ff ff ff ff ff ff ff ff ff ff
 00000030: ff ff ff ff ff ff ff ff ff ff ff ff ff ff ff ff
 00000040: ff ff ff ff ff ff ff ff ff ff ff ff ff ff ff ff
 00000050: ff ff ff ff ff ff ff ff ff ff ff ff ff ff ff ff
 00000060: ff ff ff ff ff ff ff ff ff ff ff ff ff ff ff ff
 00000070: ff ff ff ff ff ff ff ff ff ff ff ff ff ff ff ff
 00000080: ff ff ff ff ff ff ff ff ff ff ff ff ff ff ff ff
 00000090: ff ff ff 11 52 ff ff f4 af af 13 ff ff ff ff ff
 000000a0: ff ff ff ff ff ff ff ff ff ff ff ff ff ff ff ff
 000000b0: ff ff ff ff 17 15 14 21 f5 fb 15 13 19 d1 f1 ff
 000000c0: ff ff ff ff ff ff ff ff ff ff ff ff ff ff ff ff
 000000d0: ff ff ff ff ff ff ff ff ff ff ff ff ff ff ff ff
 000000e0: ff ff ff ff ff ff ff ff ff ff ff ff ff ff ff ff
 000000f0: ff ff ff ff ff ff ff ff ff ff ff ff ff ff ff ff
 00000100: ff ff ff ff ff ff ff 7d ff ff ff ff ff ff ff ff
 00000110: ff ff ff ff ff ff ff ff ff ff ff ff ff ff ff ff
 00000120: ff ff ff ff ff ff ff df f1 ff ff ff ff ff ff ff
 00000130: ff ff ff ff ff ff ff 11 f1 ff

pause 0 ms

Urb 17 (B) ep=82 (read) 27 ms
 00000000: 01 01 17 01 00 20 8f 00 00 00 00 00 00 00 68 00
 00000010: 50 00 00 00 24 01 f0 ff ff ff ff ff ff ff ff ff
 00000020: ff ff ff ff ff ff ff ff ff ff ff ff ff ff ff ff
 00000030: ff ff ff ff ff ff ff ff ff ff ff ff ff ff ff ff
 00000040: ff ff ff ff ff ff ff ff ff ff ff ff ff ff ff ff
 00000050: ff ff ff ff ff ff ff ff ff ff ff ff ff ff ff ff
 00000060: ff ff ff ff ff ff ff ff ff ff ff ff ff ff ff ff
 00000070: ff ff ff ff ff ff ff ff ff ff ff ff ff ff ff ff
 00000080: ff ff ff ff ff ff ff ff ff ff ff ff ff ff ff ff
 00000090: ff ff 7e f1 f2 ff 24 f1 ff c7 21 ff ff ff ff ff
 000000a0: ff ff ff ff ff ff ff ff ff ff ff ff ff ff ff ff
 000000b0: ff ff 2f f6 ff 13 23 14 44 f3 4f 26 53 72 f2 ff
 000000c0: ff ff ff ff ff ff ff ff ff ff ff ff ff ff ff ff
 000000d0: ff ff ff ff ff ff ff ff ff ff ff ff ff ff ff ff
 000000e0: ff ff ff ff ff ff ff ff ff ff ff ff ff ff ff ff
 000000f0: ff ff ff ff ff ff ff ff ff ff ff ff ff ff ff ff
 00000100: ff ff ff ff ff ff ff ff 76 ff ff ff ff ff ff ff
 00000110: ff ff ff ff ff ff ff ff ff ff ff ff ff ff ff ff
 00000120: ff ff ff ff ff ff ff ff ff ff ff ff ff ff ff ff
 00000130: ff ff ff ff ff ff ff ff ff ff

pause 0 ms

Urb 18 (B) ep=82 (read) 72 ms
 00000000: 01 01 17 01 00 20 a0 00 00 00 00 00 00 00 68 00
 00000010: 50 00 00 00 24 01 f0 ff ff ff ff ff ff ff ff ff
 00000020: ff ff ff ff ff ff ff ff ff ff ff ff ff ff ff ff
 00000030: ff ff ff ff ff ff ff ff ff ff ff ff ff ff ff ff
 00000040: ff ff ff ff ff ff ff ff ff ff ff ff ff ff ff ff
 00000050: ff ff ff ff ff ff ff ff ff ff ff ff ff ff ff ff
 00000060: ff ff ff ff ff ff ff ff ff ff ff ff ff ff ff ff
 00000070: ff ff ff ff ff ff ff ff ff ff ff ff ff ff ff ff
 00000080: ff ff ff ff ff ff ff ff ff ff ff ff ff ff ff 8f
 00000090: f2 ff 2f ff fc 3f 21 ff ff 1a ff ff ff ff ff ff
 000000a0: 3f f3 ff ff df f2 ff ff ff ff ff ff 1b ff ff ff
 000000b0: 5b 11 ff ff 1b 14 24 f3 f3 6f 31 22 33 ff ff ff
 000000c0: ff ff ff ff ff ff ff ff ff ff ff ff ff ff ff ff
 000000d0: ff ff ff ff ff ff ff ff ff ff ff ff ff ff ff ff
 000000e0: ff ff ff ff ff ff ff ff ff ff ff ff ff ff ff ff
 000000f0: ff ff ff ff ff ff ff ff ff ff ff ff ff ff ff ff
 00000100: ff ff ff ff ff ff ff ff ff 7c ff ff ff ff ff ff
 00000110: ff ff ff ff ff ff ff ff ff ff ff ff ff ff ff ff
 00000120: ff ff ff ff ff ff ff ff ff ff ff ff ff ff ff ff
 00000130: ff ff ff ff ff ff ff ff ff ff

pause 0 ms

Urb 19 (B) ep=82 (read) 80 ms
 00000000: 01 01 17 01 00 20 93 00 00 00 00 00 00 00 68 00
 00000010: 50 00 00 00 24 01 f0 ff ff ff ff ff ff ff ff ff
 00000020: ff ff ff ff ff ff ff ff ff ff ff ff ff ff ff ff
 00000030: ff ff ff ff ff ff ff ff ff ff ff ff ff ff ff ff
 00000040: ff ff ff ff ff ff ff ff ff ff ff ff ff ff ff ff
 00000050: ff ff ff ff ff ff ff ff ff ff ff ff ff ff ff ff
 00000060: ff ff ff ff ff ff ff ff ff ff ff ff ff ff ff ff
 00000070: ff ff ff ff ff ff ff ff ff ff ff ff ff ff ff ff
 00000080: ff ff ff ff ff ff ff ff ff ff ff ff ff ff ff 8f
 00000090: f2 ff bf 16 bf ff fe ff 0f 1d f2 ff ff ff ff ff
 000000a0: 1b ff ff ff 2d ff ff ff ff ff ff ff ff ff ff 3a
 000000b0: 26 ff ff bf 21 5f ff 5f 32 11 17 ff c9 14 24 ff
 000000c0: ff ff ff ff ff ff ff ff ff ff ff ff ff ff ff ff
 000000d0: ff ff ff ff ff ff ff ff ff ff ff ff ff ff ff ff
 000000e0: ff ff ff ff ff ff ff ff ff ff ff ff ff ff ff ff
 000000f0: ff ff ff ff ff ff ff ff ff ff ff ff ff ff ff ff
 00000100: ff ff ff ff ff ff ff ff af f7 ff ff ff ff ff ff
 00000110: ff ff ff ff ff ff ff ff ff ff ff ff ff ff ff ff
 00000120: ff ff ff ff ff ff ff ff ff ff ff ff ff ff ff ff
 00000130: ff ff ff ff ff ff ff ff ff ff

pause 0 ms

Urb 20 (B) ep=82 (read) 80 ms
 00000000: 01 01 17 01 00 20 84 00 00 00 00 00 00 00 68 00
 00000010: 50 00 00 00 24 01 f0 ff ff ff ff ff ff ff ff ff
 00000020: ff ff ff ff ff ff ff ff ff ff ff ff ff ff ff ff
 00000030: ff ff ff ff ff ff ff ff ff ff ff ff ff ff ff ff
 00000040: ff ff ff ff ff ff ff ff ff ff ff ff ff ff ff ff
 00000050: ff ff ff ff ff ff ff ff ff ff ff ff ff ff ff ff
 00000060: ff ff ff ff ff ff ff ff ff ff ff ff ff ff ff ff
 00000070: ff ff ff ff ff ff ff ff ff ff ff ff ff ff ff ff
 00000080: ff ff ff ff ff ff ff ff ff ff ff ff ff ff ff ff
 00000090: ff ff 3f 12 31 fe ff fe ff f0 1f ff ff 1d ff ff
 000000a0: ff ff ff ef f2 ff ff df f2 ff ff ff ff ff ff ff
 000000b0: 17 ff ff 1f 64 33 32 f7 ff 7f 11 12 ff f2 1f 71
 000000c0: 14 ff ff 1a ff ff ff ff ff ff ff ff ff ff ff ff
 000000d0: ff ff ff ff ff ff ff ff ff ff ff ff ff ff ff ff
 000000e0: ff ff ff ff ff ff ff ff ff ff ff ff ff ff ff ff
 000000f0: ff ff ff ff ff ff ff ff ff ff ff ff ff ff ff ff
 00000100: ff ff ff ff ff ff ff ff ff ff 8f f7 ff ff ff ff
 00000110: ff ff ff ff ff ff ff ff ff ff ff ff ff ff ff ff
 00000120: ff ff ff ff ff ff ff ff ff ff ff ff ff ff ff ff
 00000130: ff ff ff ff ff ff ff ff ff ff

pause 0 ms

Urb 21 (B) ep=82 (read) 45 ms
 00000000: 01 01 17 01 00 20 75 00 00 00 00 00 00 00 68 00
 00000010: 50 00 00 00 24 01 f0 ff ff ff ff ff ff ff ff ff
 00000020: ff ff ff ff ff ff ff ff ff ff ff ff ff ff ff ff
 00000030: ff ff ff ff ff ff ff ff ff ff ff ff ff ff ff ff
 00000040: ff ff ff ff ff ff ff ff ff ff ff ff ff ff ff ff
 00000050: ff ff ff ff ff ff ff ff ff ff ff ff ff ff ff ff
 00000060: ff ff ff ff ff ff ff ff ff ff ff ff ff ff ff ff
 00000070: ff ff ff ff ff ff ff ff ff ff ff ff ff ff ff ff
 00000080: ff ff ff ff ff ff ff ff ff ff ff ff ff ff ff ff
 00000090: ff ff ff 45 ff ff fb 3f ff 1f ff df 6f ff ff ff
 000000a0: ff ff ff ff ff 2d ff ff ff 1d ff ff ff ff ff ff
 000000b0: ff 8f 72 f2 ff 6f 33 11 34 23 3f ff bf ff 3f 19
 000000c0: 3a 13 f1 ff ff ff ff ff ff ff ff ff ff ff ff ff
 000000d0: ff ff ff ff ff ff ff ff ff ff ff ff ff ff ff ff
 000000e0: ff ff ff ff ff ff ff ff ff ff ff ff ff ff ff ff
 000000f0: ff ff ff ff ff ff ff ff ff ff ff ff ff ff ff ff
 00000100: ff ff ff ff ff ff ff ff 6f f7 ff ff ff ff ff ff
 00000110: ff ff ff ff ff ff ff ff ff ff ff ff ff ff ff ff
 00000120: ff ff ff ff ff ff ff ff ff ff ff ff ff ff ff ff
 00000130: ff ff ff ff ff ff ff ff ff ff

pause 0 ms

Urb 22 (B) ep=82 (read) 214 ms
 00000000: 01 01 17 01 00 20 84 00 00 00 00 00 00 00 68 00
 00000010: 50 00 00 00 28 01 f0 ff ff ff ff ff ff ff ff ff
 00000020: ff ff ff ff ff ff ff ff ff ff ff ff ff ff ff ff
 00000030: ff ff ff ff ff ff ff ff ff ff ff ff ff ff ff ff
 00000040: ff ff ff ff ff ff ff ff ff ff ff ff ff ff ff ff
 00000050: ff ff ff ff ff ff ff ff ff ff ff ff ff ff ff ff
 00000060: ff ff ff ff ff ff ff ff ff ff ff ff ff ff ff ff
 00000070: ff ff ff ff ff ff ff ff ff ff ff ff ff ff ff ff
 00000080: ff ff ff ff ff ff ff ff ff ff ff ff ff ff ff ff
 00000090: ff ff af 32 f9 ff 3f 11 ff f9 1e f6 ff 8f f7 ff
 000000a0: ff ff ff ff ff ff 6f f1 ff ff cf f3 ff ff df f1
 000000b0: ff ff ff ff 5f 23 f1 ff 30 13 12 1d 81 f1 fa 8f
 000000c0: 21 ff ff 13 31 12 15 17 ff ff ff ff ff ff ff ff
 000000d0: ff ff ff ff ff ff ff ff ff ff ff ff ff ff ff ff
 000000e0: ff ff ff ff ff ff ff ff ff ff ff ff ff ff ff ff
 000000f0: ff ff ff ff ff ff ff ff ff ff ff ff ff ff ff ff
 00000100: ff ff ff ff ff ff ff ff ff ff ff ff ff ff 7c ff
 00000110: ff ff ff ff ff ff ff ff ff ff ff ff ff ff ff ff
 00000120: ff ff ff ff ff ff ff ff ff ff ff ff ff ff ff ff
 00000130: ff ff ff ff ff ff ff ff ff ff ff ff ff ff

pause 0 ms

Urb 23 (B) ep=82 (read) 98 ms
 00000000: 01 01 17 01 00 20 92 00 00 00 00 00 00 00 68 00
 00000010: 50 00 00 00 24 01 f0 ff ff ff ff ff ff ff ff ff
 00000020: ff ff ff ff ff ff ff ff ff ff ff ff ff ff ff ff
 00000030: ff ff ff ff ff ff ff ff ff ff ff ff ff ff ff ff
 00000040: ff ff ff ff ff ff ff ff ff ff ff ff ff ff ff ff
 00000050: ff ff ff ff ff ff ff ff ff ff ff ff ff ff ff ff
 00000060: ff ff ff ff ff ff ff ff ff ff ff ff ff ff ff ff
 00000070: ff ff ff ff ff ff ff ff ff ff ff ff ff ff ff ff
 00000080: ff ff ff ff ff ff ff ff ff ff ff ff ff ff ff ff
 00000090: ff ff 1f 8f ff bf 11 ff 1f 8f 18 ff ff ff ff ff
 000000a0: ff ff ff ff ff ff ff ff 9f f2 ff ff df f1 ff ff
 000000b0: ff ff df 31 17 f1 ff 2b 11 f5 9f ef ff ff 7f f1
 000000c0: ff ff ff ff ff ff ff ff ff ff ff ff ff ff ff ff
 000000d0: ff ff ff ff ff ff ff ff ff ff ff ff ff ff ff ff
 000000e0: ff ff ff ff ff ff ff ff ff ff ff ff ff ff ff ff
 000000f0: ff ff ff ff ff ff ff ff ff ff ff ff ff ff ff ff
 00000100: ff ff ff ff ff ff 7b ff ff ff ff ff ff ff ff ff
 00000110: ff ff ff ff ff ff ff ff ff ff ff ff ff ff ff ff
 00000120: ff ff ff ff ff ff df f1 ff ff ff ff ff ff ff ff
 00000130: ff ff ff ff ff ff 11 f1 ff ff

pause 0 ms

Urb 24 (B) ep=82 (read) 302 ms
 00000000: 01 01 17 01 00 20 a3 00 00 00 00 00 00 00 68 00
 00000010: 50 00 00 00 28 01 f0 ff ff ff ff ff ff ff ff ff
 00000020: ff ff ff ff ff ff ff ff ff ff ff ff ff ff ff ff
 00000030: ff ff ff ff ff ff ff ff ff ff ff ff ff ff ff ff
 00000040: ff ff ff ff ff ff ff ff ff ff ff ff ff ff ff ff
 00000050: ff ff ff ff ff ff ff ff ff ff ff ff ff ff ff ff
 00000060: ff ff ff ff ff ff ff ff ff ff ff ff ff ff ff ff
 00000070: ff ff ff ff ff ff ff ff ff ff ff ff ff ff ff ff
 00000080: ff ff ff ff ff ff ff ff ff ff ff ff ff ff ff 0f
 00000090: 12 f7 ff 6f 11 ff f6 3f 31 15 ff ff 91 ff ff ff
 000000a0: ff ff ff ff ff ff ff ff ff ff 5f f3 ff ff cf f3
 000000b0: ff ff 19 ff af f1 4f 52 12 1f 25 8f a2 32 13 ff
 000000c0: 8f 63 71 32 f1 ff ff ff ff ff ff ff ff ff ff ff
 000000d0: ff ff ff ff ff ff ff ff ff ff ff ff ff ff ff ff
 000000e0: ff ff ff ff ff ff ff ff ff ff ff ff ff ff ff ff
 000000f0: ff ff ff ff ff ff ff ff ff ff ff ff ff ff ff ff
 00000100: ff ff ff ff ff ff ff ff ff ff ff ff ff ff 7a ff
 00000110: ff ff ff ff ff ff ff ff ff ff ff ff ff ff ff ff
 00000120: ff ff ff ff ff ff ff ff ff ff ff ff ff ff ff ff
 00000130: ff ff ff ff ff ff ff ff ff ff ff ff ff ff

pause 0 ms

Urb 25 (B) ep=82 (read) 97 ms
 00000000: 01 01 17 01 00 20 b0 00 00 00 00 00 00 00 68 00
 00000010: 50 00 00 00 24 01 f0 ff ff ff ff ff ff ff ff ff
 00000020: ff ff ff ff ff ff ff ff ff ff ff ff ff ff ff ff
 00000030: ff ff ff ff ff ff ff ff ff ff ff ff ff ff ff ff
 00000040: ff ff ff ff ff ff ff ff ff ff ff ff ff ff ff ff
 00000050: ff ff ff ff ff ff ff ff ff ff ff ff ff ff ff ff
 00000060: ff ff ff ff ff ff ff ff ff ff ff ff ff ff ff ff
 00000070: ff ff ff ff ff ff ff ff ff ff ff ff ff ff ff ff
 00000080: ff ff ff ff ff ff ff ff ff ff ff ff ff ff ff 22
 00000090: f1 f5 ff f7 ff f7 f9 ff ff ff ff ff ff ff ff ff
 000000a0: ff ff ff ff ff ff ff ff ff ff ff ff ff 1f 23 f8
 000000b0: 0f f1 4f 52 12 ef 2f 92 33 22 ff ff 0f f1 ff ff
 000000c0: ff ff ff ff ff ff ff ff ff ff ff ff ff ff ff ff
 000000d0: ff ff ff ff ff ff ff ff ff ff ff ff ff ff ff ff
 000000e0: ff ff ff ff ff ff ff ff ff ff ff ff ff ff ff ff
 000000f0: ff ff ff ff ff ff ff ff ff ff ff ff ff ff ff ff
 00000100: ff ff ff ff ff ff ff 8f f7 ff ff ff ff ff ff ff
 00000110: ff ff ff ff ff ff ff ff ff ff ff ff ff ff ff ff
 00000120: ff ff ff ff ff ff ff ff ff ff ff ff ff ff ff ff
 00000130: ff ff ff ff ff ff ff ff ff ff

pause 0 ms

Urb 26 (B) ep=82 (read) 143 ms
 00000000: 01 01 17 01 00 20 bd 00 00 00 00 00 00 00 68 00
 00000010: 50 00 00 00 24 01 f0 ff ff ff ff ff ff ff ff ff
 00000020: ff ff ff ff ff ff ff ff ff ff ff ff ff ff ff ff
 00000030: ff ff ff ff ff ff ff ff ff ff ff ff ff ff ff ff
 00000040: ff ff ff ff ff ff ff ff ff ff ff ff ff ff ff ff
 00000050: ff ff ff ff ff ff ff ff ff ff ff ff ff ff ff ff
 00000060: ff ff ff ff ff ff ff ff ff ff ff ff ff ff ff ff
 00000070: ff ff ff ff ff ff ff ff ff ff ff ff ff ff ff ff
 00000080: ff ff ff ff ff ff ff ff ff ff ff ff 12 25 ff ff
 00000090: 1a f1 3f ff fc ff 2f 2f ff ff ff ff ff ff ff ff
 000000a0: ff ff ff ff ff ff ff ff ff ff ff ff ff ff af 71
 000000b0: 3f 2f f1 4f 52 31 ff 4b 82 21 91 12 ff ff ff ff
 000000c0: ff ff ff ff ff ff ff ff ff ff ff ff ff ff ff ff
 000000d0: ff ff ff ff ff ff ff ff ff ff ff ff ff ff ff ff
 000000e0: ff ff ff ff ff ff ff ff ff ff ff ff ff ff ff ff
 000000f0: ff ff ff ff ff ff ff ff ff ff ff ff ff ff ff ff
 00000100: ff ff ff ff ff ff ff ff ff 72 ff ff ff ff ff ff
 00000110: ff ff ff ff ff ff ff ff ff ff ff ff ff ff ff ff
 00000120: ff ff ff ff ff ff ff ff ff df f1 ff ff ff ff ff
 00000130: ff ff ff ff ff ff ff ff ff 11

pause 0 ms

Urb 27 (B) ep=81 (read) 130 ms
 00000000: 01 01 17 01 00 30 04

pause 0 ms

Urb 28 (B) ep=82 (read) 41 ms
 00000000: 01 01 17 01 00 20 bd 00 00 00 00 00 00 00 68 00
 00000010: 50 00 00 00 30 01 f0 ff ff ff ff ff ff ff ff ff
 00000020: ff ff ff ff ff ff ff ff ff ff ff ff ff ff ff ff
 00000030: ff ff ff ff ff ff ff ff ff ff ff ff ff ff ff ff
 00000040: ff ff ff ff ff ff ff ff ff ff ff ff ff ff ff ff
 00000050: ff ff ff ff ff ff ff ff ff ff ff ff ff ff ff ff
 00000060: ff ff ff ff ff ff ff ff ff ff ff ff ff ff ff ff
 00000070: ff ff ff ff ff ff ff ff ff ff ff ff ff ff ff ff
 00000080: ff 3f 81 f2 ff af 12 ff f1 ff 30 11 f1 ff f8 fb
 00000090: ff ff 53 21 ff ff ff ff ff ff ff ff ff ff ff ff
 000000a0: ff ff ff ff 9f 12 f5 ff ef 14 12 7f ff 7f 23 23
 000000b0: 28 ff c2 81 33 11 32 ff ff 2a 13 13 ff ff ff ff
 000000c0: ff ff ff ff ff ff ff ff ff ff ff 16 ff ff ff ff
 000000d0: ff ff ff ff ff ff ff ff ff ff ff ff ff ff ff ff
 000000e0: ff ff ff ff ff ff ff ff ff ff ff ff ff ff ff ff
 000000f0: ff ff ff ff ff ff ff ff ff ff ff ff ff ff ff ff
 00000100: ff ff ff ff ff ff ff ff ff ff ff ff ff ff ff ff
 00000110: ff 8d ff ff ff ff ff ff ff ff ff ff ff ff ff ff
 00000120: ff 7f f1 ff ff ff ff ff ff ff ff ff ff ff ff 15
 00000130: ff ff ff 1d ff ff ff ff ff ff ff ff ff ff ff ff
 00000140: ff ff 1f 1d ff ff

pause 0 ms

Urb 29 (B) ep=81 (read) 0 ms
 00000000: 01 01 17 01 00 30 00

pause 0 ms

Urb 30 (B) ep=82 (read) 2 ms
 00000000: 01 01 17 01 02 20

pause 0 ms

Urb 31 (B) ep=82 (read) 0 ms
